<?xml version="1.0" encoding="UTF-8"?>
<!-- Generated by org.testng.reporters.JUnitReportReporter -->
<testsuite name="helper.ExtentReport" tests="2" time="0.088" ignored="0" failures="0" timestamp="20 Mar 2018 03:55:22 GMT" skipped="0" hostname="ddobriyalvm1" errors="0">
  <testcase name="testbogas" time="0.067" classname="helper.ExtentReport"/>
  <testcase name="test" time="0.021" classname="helper.ExtentReport"/>
</testsuite> <!-- helper.ExtentReport -->
